<?xml version="1.0" encoding="UTF-8"?>
<testsuite name="com.cheeup.CheerupApplicationTests" tests="1" skipped="0" failures="0" errors="0" timestamp="2024-12-16T06:40:00" hostname="ranunclulusui-MacBookPro.local" time="0.38">
  <properties/>
  <testcase name="contextLoads()" classname="com.cheeup.CheerupApplicationTests" time="0.38"/>
  <system-out><![CDATA[15:39:59.919 [Test worker] INFO org.springframework.test.context.support.AnnotationConfigContextLoaderUtils -- Could not detect default configuration classes for test class [com.cheeup.CheerupApplicationTests]: CheerupApplicationTests does not declare any static, non-private, non-final, nested classes annotated with @Configuration.
15:39:59.965 [Test worker] INFO org.springframework.boot.test.context.SpringBootTestContextBootstrapper -- Found @SpringBootConfiguration com.cheeup.CheeupApplication for test class com.cheeup.CheerupApplicationTests

  .   ____          _            __ _ _
 /\\ / ___'_ __ _ _(_)_ __  __ _ \ \ \ \
( ( )\___ | '_ | '_| | '_ \/ _` | \ \ \ \
 \\/  ___)| |_)| | | | | || (_| |  ) ) ) )
  '  |____| .__|_| |_|_| |_\__, | / / / /
 =========|_|==============|___/=/_/_/_/

 :: Spring Boot ::                (v3.4.0)

2024-12-16T15:40:00.130+09:00  INFO 11456 --- [cheerup] [    Test worker] com.cheeup.CheerupApplicationTests       : Starting CheerupApplicationTests using Java 17.0.8 with PID 11456 (started by ranunclulus in /Users/ranunclulus/Desktop/portfolio/CheeUp/CheeUp-BE)
2024-12-16T15:40:00.131+09:00  INFO 11456 --- [cheerup] [    Test worker] com.cheeup.CheerupApplicationTests       : No active profile set, falling back to 1 default profile: "default"
2024-12-16T15:40:00.612+09:00  INFO 11456 --- [cheerup] [    Test worker] com.cheeup.CheerupApplicationTests       : Started CheerupApplicationTests in 0.589 seconds (process running for 1.047)
]]></system-out>
  <system-err><![CDATA[]]></system-err>
</testsuite>
